        -:    0:Source:Commission/Commission.cpp
        -:    0:Graph:../main_test.gcno
        -:    0:Data:../main_test.gcda
        -:    0:Runs:1
        -:    0:Programs:1
        -:    1:/*EOF*/
        -:    2:/*EOF*/
        -:    3:/*EOF*/
        7:    4:/*EOF*/
        7:    5:/*EOF*/
        1:    6:/*EOF*/
        -:    7:/*EOF*/
        6:    8:/*EOF*/
        1:    9:/*EOF*/
        -:   10:/*EOF*/
        -:   11:/*EOF*/
        5:   12:/*EOF*/
        1:   13:/*EOF*/
        -:   14:/*EOF*/
        -:   15:/*EOF*/
        4:   16:/*EOF*/
        1:   17:/*EOF*/
        -:   18:/*EOF*/
        -:   19:/*EOF*/
        3:   20:/*EOF*/
        3:   21:/*EOF*/
        1:   22:/*EOF*/
        -:   23:/*EOF*/
        2:   24:/*EOF*/
        1:   25:/*EOF*/
        -:   26:/*EOF*/
        -:   27:/*EOF*/
        1:   28:/*EOF*/
