        -:    0:Source:main_test.cpp
        -:    0:Graph:../main_test.gcno
        -:    0:Data:../main_test.gcda
        -:    0:Runs:1
        -:    0:Programs:1
        -:    1:/*EOF*/
        -:    2:/*EOF*/
        -:    3:/*EOF*/
        -:    4:/*EOF*/
        -:    5:/*EOF*/
        -:    6:/*EOF*/
        -:    7:/*EOF*/
        -:    8:/*EOF*/
function main called 1 returned 100% blocks executed 100%
        1:    9:/*EOF*/
        1:   10:/*EOF*/
call    0 returned 100%
        1:   11:/*EOF*/
call    0 returned 100%
function _GLOBAL__sub_I__Z8Triangleiii called 1 returned 100% blocks executed 100%
function _Z41__static_initialization_and_destruction_0ii called 1 returned 100% blocks executed 65%
        3:   12:/*EOF*/
call    0 returned 100%
branch  1 taken 100% (fallthrough)
branch  2 taken 0%
branch  3 taken 100% (fallthrough)
branch  4 taken 0%
