        -:    0:Source:NextDate/NextDate_PathTest.cpp
        -:    0:Graph:../main_test.gcno
        -:    0:Data:../main_test.gcda
        -:    0:Runs:1
        -:    0:Programs:1
        -:    1:/*EOF*/
        -:    2:/*EOF*/
        -:    3:/*EOF*/
        5:    4:/*EOF*/
        1:    5:/*EOF*/
        1:    6:/*EOF*/
        1:    7:/*EOF*/
        1:    8:/*EOF*/
        1:    9:/*EOF*/
        1:   10:/*EOF*/
        -:   11:/*EOF*/
        -:   12:/*EOF*/
        5:   13:/*EOF*/
        1:   14:/*EOF*/
        1:   15:/*EOF*/
        1:   16:/*EOF*/
        1:   17:/*EOF*/
        1:   18:/*EOF*/
        1:   19:/*EOF*/
        1:   20:/*EOF*/
        1:   21:/*EOF*/
        1:   22:/*EOF*/
        1:   23:/*EOF*/
