        -:    0:Source:NextDate/NextDate.cpp
        -:    0:Graph:../main_test.gcno
        -:    0:Data:../main_test.gcda
        -:    0:Runs:1
        -:    0:Programs:1
        -:    1:/*EOF*/
        -:    2:/*EOF*/
        -:    3:/*EOF*/
        -:    4:/*EOF*/
        -:    5:/*EOF*/
        -:    6:/*EOF*/
        -:    7:/*EOF*/
        -:    8:/*EOF*/
       22:    9:/*EOF*/
       22:   10:/*EOF*/
        -:   11:/*EOF*/
       22:   12:/*EOF*/
        -:   13:/*EOF*/
       22:   14:/*EOF*/
        3:   15:/*EOF*/
        -:   16:/*EOF*/
       19:   17:/*EOF*/
        2:   18:/*EOF*/
        -:   19:/*EOF*/
        -:   20:/*EOF*/
       17:   21:/*EOF*/
        -:   22:/*EOF*/
        -:   23:/*EOF*/
       22:   24:/*EOF*/
        3:   25:/*EOF*/
        -:   26:/*EOF*/
       19:   27:/*EOF*/
        3:   28:/*EOF*/
        2:   29:/*EOF*/
        -:   30:/*EOF*/
        3:   31:/*EOF*/
        -:   32:/*EOF*/
       16:   33:/*EOF*/
       12:   34:/*EOF*/
        4:   35:/*EOF*/
       12:   36:/*EOF*/
        -:   37:/*EOF*/
        -:   38:/*EOF*/
        4:   39:/*EOF*/
        2:   40:/*EOF*/
        4:   41:/*EOF*/
        -:   42:/*EOF*/
        -:   43:/*EOF*/
       22:   44:/*EOF*/
       22:   45:/*EOF*/
        -:   46:/*EOF*/
       12:   47:/*EOF*/
        8:   48:/*EOF*/
        8:   49:/*EOF*/
        -:   50:/*EOF*/
       12:   51:/*EOF*/
        -:   52:/*EOF*/
        4:   53:/*EOF*/
        3:   54:/*EOF*/
        3:   55:/*EOF*/
        -:   56:/*EOF*/
        4:   57:/*EOF*/
        -:   58:/*EOF*/
        3:   59:/*EOF*/
        2:   60:/*EOF*/
        2:   61:/*EOF*/
        -:   62:/*EOF*/
        3:   63:/*EOF*/
        -:   64:/*EOF*/
        -:   65:/*EOF*/
       22:   66:/*EOF*/
        3:   67:/*EOF*/
        3:   68:/*EOF*/
        -:   69:/*EOF*/
        -:   70:/*EOF*/
       22:   71:/*EOF*/
       12:   72:/*EOF*/
        -:   73:/*EOF*/
       10:   74:/*EOF*/
