        -:    0:Source:NextDate/NextDate_PathTest.cpp
        -:    0:Graph:../main_test.gcno
        -:    0:Data:../main_test.gcda
        -:    0:Runs:1
        -:    0:Programs:1
        -:    1:/*EOF*/
        -:    2:/*EOF*/
        -:    3:/*EOF*/
        -:    4:/*EOF*/
        5:    5:/*EOF*/
        1:    6:/*EOF*/
        1:    7:/*EOF*/
        1:    8:/*EOF*/
        1:    9:/*EOF*/
        1:   10:/*EOF*/
        1:   11:/*EOF*/
        -:   12:/*EOF*/
        -:   13:/*EOF*/
        5:   14:/*EOF*/
        1:   15:/*EOF*/
        1:   16:/*EOF*/
        1:   17:/*EOF*/
        1:   18:/*EOF*/
        1:   19:/*EOF*/
        1:   20:/*EOF*/
        1:   21:/*EOF*/
        1:   22:/*EOF*/
        1:   23:/*EOF*/
        1:   24:/*EOF*/
        -:   25:/*EOF*/
        -:   26:/*EOF*/
        5:   27:/*EOF*/
        1:   28:/*EOF*/
        1:   29:/*EOF*/
        1:   30:/*EOF*/
        -:   31:/*EOF*/
        1:   32:/*EOF*/
        1:   33:/*EOF*/
        1:   34:/*EOF*/
