        -:    0:Source:NextDate/NextDate.cpp
        -:    0:Graph:../main_test.gcno
        -:    0:Data:../main_test.gcda
        -:    0:Runs:1
        -:    0:Programs:1
        -:    1:/*EOF*/
        -:    2:/*EOF*/
        -:    3:/*EOF*/
        -:    4:/*EOF*/
        -:    5:/*EOF*/
        -:    6:/*EOF*/
        -:    7:/*EOF*/
        -:    8:/*EOF*/
function _Z8NextDateiii called 22 returned 100% blocks executed 94%
       22:    9:/*EOF*/
       22:   10:/*EOF*/
        -:   11:/*EOF*/
       22:   12:/*EOF*/
        -:   13:/*EOF*/
       22:   14:/*EOF*/
branch  0 taken 91% (fallthrough)
branch  1 taken 9%
branch  2 taken 5% (fallthrough)
branch  3 taken 95%
        3:   15:/*EOF*/
        -:   16:/*EOF*/
       19:   17:/*EOF*/
branch  0 taken 11% (fallthrough)
branch  1 taken 89%
branch  2 taken 0% (fallthrough)
branch  3 taken 100%
branch  4 never executed
branch  5 never executed
        2:   18:/*EOF*/
        -:   19:/*EOF*/
        -:   20:/*EOF*/
       17:   21:/*EOF*/
        -:   22:/*EOF*/
        -:   23:/*EOF*/
       22:   24:/*EOF*/
branch  0 taken 100% (fallthrough)
branch  1 taken 0%
branch  2 taken 86% (fallthrough)
branch  3 taken 14%
branch  4 taken 0% (fallthrough)
branch  5 taken 100%
        3:   25:/*EOF*/
        -:   26:/*EOF*/
       19:   27:/*EOF*/
branch  0 taken 16% (fallthrough)
branch  1 taken 84%
        3:   28:/*EOF*/
branch  0 taken 0% (fallthrough)
branch  1 taken 100%
branch  2 never executed
branch  3 never executed
branch  4 taken 100% (fallthrough)
branch  5 taken 0%
branch  6 taken 67% (fallthrough)
branch  7 taken 33%
        2:   29:/*EOF*/
        -:   30:/*EOF*/
        3:   31:/*EOF*/
        -:   32:/*EOF*/
       16:   33:/*EOF*/
branch  0 taken 31% (fallthrough)
branch  1 taken 69%
branch  2 taken 20% (fallthrough)
branch  3 taken 80%
branch  4 taken 92% (fallthrough)
branch  5 taken 8%
branch  6 taken 73% (fallthrough)
branch  7 taken 27%
       12:   34:/*EOF*/
branch  0 taken 33% (fallthrough)
branch  1 taken 67%
        4:   35:/*EOF*/
       12:   36:/*EOF*/
        -:   37:/*EOF*/
        -:   38:/*EOF*/
        4:   39:/*EOF*/
branch  0 taken 50% (fallthrough)
branch  1 taken 50%
        2:   40:/*EOF*/
        4:   41:/*EOF*/
        -:   42:/*EOF*/
        -:   43:/*EOF*/
       22:   44:/*EOF*/
       22:   45:/*EOF*/
branch  0 taken 55%
branch  1 taken 18%
branch  2 taken 14%
branch  3 taken 14%
        -:   46:/*EOF*/
       12:   47:/*EOF*/
branch  0 taken 67% (fallthrough)
branch  1 taken 33%
        8:   48:/*EOF*/
        8:   49:/*EOF*/
        -:   50:/*EOF*/
       12:   51:/*EOF*/
        -:   52:/*EOF*/
        4:   53:/*EOF*/
branch  0 taken 75% (fallthrough)
branch  1 taken 25%
        3:   54:/*EOF*/
        3:   55:/*EOF*/
        -:   56:/*EOF*/
        4:   57:/*EOF*/
        -:   58:/*EOF*/
        3:   59:/*EOF*/
branch  0 taken 0% (fallthrough)
branch  1 taken 100%
branch  2 never executed
branch  3 never executed
branch  4 taken 100% (fallthrough)
branch  5 taken 0%
branch  6 taken 67% (fallthrough)
branch  7 taken 33%
        2:   60:/*EOF*/
        2:   61:/*EOF*/
        -:   62:/*EOF*/
        3:   63:/*EOF*/
        -:   64:/*EOF*/
        -:   65:/*EOF*/
       22:   66:/*EOF*/
branch  0 taken 14% (fallthrough)
branch  1 taken 86%
        3:   67:/*EOF*/
        3:   68:/*EOF*/
        -:   69:/*EOF*/
        -:   70:/*EOF*/
       22:   71:/*EOF*/
branch  0 taken 55% (fallthrough)
branch  1 taken 45%
       12:   72:/*EOF*/
        -:   73:/*EOF*/
       10:   74:/*EOF*/
