        -:    0:Source:Triangle/Triangle.cpp
        -:    0:Graph:../main_test.gcno
        -:    0:Data:../main_test.gcda
        -:    0:Runs:2
        -:    0:Programs:1
        -:    1:/*EOF*/
        -:    2:/*EOF*/
        -:    3:/*EOF*/
        -:    4:/*EOF*/
        -:    5:/*EOF*/
        -:    6:/*EOF*/
        -:    7:/*EOF*/
        -:    8:/*EOF*/
        -:    9:/*EOF*/
        -:   10:/*EOF*/
       10:   11:/*EOF*/
       10:   12:/*EOF*/
       10:   13:/*EOF*/
        2:   14:/*EOF*/
        -:   15:/*EOF*/
        8:   16:/*EOF*/
       12:   17:/*EOF*/
        2:   18:/*EOF*/
        -:   19:/*EOF*/
        4:   20:/*EOF*/
        2:   21:/*EOF*/
        -:   22:/*EOF*/
        -:   23:/*EOF*/
        2:   24:/*EOF*/
        -:   25:/*EOF*/
        -:   26:/*EOF*/
        -:   27:/*EOF*/
        2:   28:/*EOF*/
        -:   29:/*EOF*/
       10:   30:/*EOF*/
