        -:    0:Source:Triangle/Triangle_Edge.cpp
        -:    0:Graph:../main_test.gcno
        -:    0:Data:../main_test.gcda
        -:    0:Runs:1
        -:    0:Programs:1
        -:    1:/*EOF*/
        -:    2:/*EOF*/
function _ZN19TriEdge_Normal_TestD0Ev called 1 returned 100% blocks executed 100%
function _ZN19TriEdge_Normal_TestD2Ev called 1 returned 100% blocks executed 80%
function _ZN19TriEdge_Normal_Test8TestBodyEv called 1 returned 100% blocks executed 43%
function _ZN19TriEdge_Normal_TestC2Ev called 1 returned 100% blocks executed 100%
        5:    3:/*EOF*/
call    0 returned 100%
call    1 returned 100%
call    2 returned 100%
call    3 returned 100%
call    4 returned 100%
branch  5 taken 100% (fallthrough)
branch  6 taken 0% (throw)
call    7 returned 100%
branch  8 taken 100% (fallthrough)
branch  9 taken 0% (throw)
call   10 returned 100%
branch 11 taken 100% (fallthrough)
branch 12 taken 0% (throw)
call   13 returned 100%
branch 14 taken 100% (fallthrough)
branch 15 taken 0% (throw)
call   16 returned 100%
branch 17 taken 100% (fallthrough)
branch 18 taken 0% (throw)
call   19 returned 100%
call   20 never executed
call   21 never executed
call   22 never executed
call   23 never executed
call   24 returned 100%
call   25 returned 100%
call   26 returned 100%
branch 27 taken 100% (fallthrough)
branch 28 taken 0% (throw)
branch 29 taken 0% (fallthrough)
branch 30 taken 100%
call   31 never executed
call   32 returned 100%
        1:    4:/*EOF*/
        -:    5:/*EOF*/
       11:    6:/*EOF*/
branch  0 taken 91% (fallthrough)
branch  1 taken 9%
       65:    7:/*EOF*/
branch  0 taken 85% (fallthrough)
branch  1 taken 15%
      275:    8:/*EOF*/
branch  0 taken 80% (fallthrough)
branch  1 taken 20%
      220:    9:/*EOF*/
branch  0 taken 25% (fallthrough)
branch  1 taken 75%
branch  2 taken 18% (fallthrough)
branch  3 taken 82%
       10:   10:/*EOF*/
call    0 returned 100%
call    1 returned 100%
branch  2 taken 100% (fallthrough)
branch  3 taken 0% (throw)
call    4 returned 100%
branch  5 taken 0% (fallthrough)
branch  6 taken 100%
call    7 never executed
branch  8 never executed
branch  9 never executed
call   10 never executed
branch 11 never executed
branch 12 never executed
call   13 never executed
branch 14 never executed
branch 15 never executed
call   16 never executed
branch 17 never executed
branch 18 never executed
call   19 never executed
branch 20 never executed
branch 21 never executed
call   22 never executed
branch 23 never executed
branch 24 never executed
call   25 returned 100%
branch 26 taken 100% (fallthrough)
branch 27 taken 0% (throw)
branch 28 taken 100%
branch 29 taken 0%
call   30 never executed
call   31 never executed
call   32 never executed
        -:   11:/*EOF*/
      210:   12:/*EOF*/
branch  0 taken 49% (fallthrough)
branch  1 taken 51%
      103:   13:/*EOF*/
call    0 returned 100%
call    1 returned 100%
branch  2 taken 100% (fallthrough)
branch  3 taken 0% (throw)
call    4 returned 100%
branch  5 taken 0% (fallthrough)
branch  6 taken 100%
call    7 never executed
branch  8 never executed
branch  9 never executed
call   10 never executed
branch 11 never executed
branch 12 never executed
call   13 never executed
branch 14 never executed
branch 15 never executed
call   16 never executed
branch 17 never executed
branch 18 never executed
call   19 never executed
branch 20 never executed
branch 21 never executed
call   22 never executed
branch 23 never executed
branch 24 never executed
call   25 returned 100%
branch 26 taken 100% (fallthrough)
branch 27 taken 0% (throw)
branch 28 taken 100%
branch 29 taken 0%
call   30 never executed
call   31 never executed
call   32 never executed
        -:   14:/*EOF*/
      107:   15:/*EOF*/
branch  0 taken 84% (fallthrough)
branch  1 taken 16%
branch  2 taken 50% (fallthrough)
branch  3 taken 50%
       62:   16:/*EOF*/
call    0 returned 100%
call    1 returned 100%
branch  2 taken 100% (fallthrough)
branch  3 taken 0% (throw)
call    4 returned 100%
branch  5 taken 0% (fallthrough)
branch  6 taken 100%
call    7 never executed
branch  8 never executed
branch  9 never executed
call   10 never executed
branch 11 never executed
branch 12 never executed
call   13 never executed
branch 14 never executed
branch 15 never executed
call   16 never executed
branch 17 never executed
branch 18 never executed
call   19 never executed
branch 20 never executed
branch 21 never executed
call   22 never executed
branch 23 never executed
branch 24 never executed
call   25 returned 100%
branch 26 taken 100% (fallthrough)
branch 27 taken 0% (throw)
branch 28 taken 100%
branch 29 taken 0%
call   30 never executed
call   31 never executed
call   32 never executed
        -:   17:/*EOF*/
        -:   18:/*EOF*/
       45:   19:/*EOF*/
call    0 returned 100%
call    1 returned 100%
branch  2 taken 100% (fallthrough)
branch  3 taken 0% (throw)
call    4 returned 100%
branch  5 taken 0% (fallthrough)
branch  6 taken 100%
call    7 never executed
branch  8 never executed
branch  9 never executed
call   10 never executed
branch 11 never executed
branch 12 never executed
call   13 never executed
branch 14 never executed
branch 15 never executed
call   16 never executed
branch 17 never executed
branch 18 never executed
call   19 never executed
branch 20 never executed
branch 21 never executed
call   22 never executed
branch 23 never executed
branch 24 never executed
call   25 returned 100%
branch 26 taken 100% (fallthrough)
branch 27 taken 0% (throw)
branch 28 taken 100%
branch 29 taken 0%
call   30 never executed
call   31 never executed
call   32 never executed
        -:   20:/*EOF*/
        -:   21:/*EOF*/
        -:   22:/*EOF*/
        -:   23:/*EOF*/
        -:   24:/*EOF*/
        -:   25:/*EOF*/
function _ZN19TriEdge_Robust_TestD0Ev called 1 returned 100% blocks executed 100%
function _ZN19TriEdge_Robust_TestD2Ev called 1 returned 100% blocks executed 80%
function _ZN19TriEdge_Robust_Test8TestBodyEv called 1 returned 100% blocks executed 40%
function _ZN19TriEdge_Robust_TestC2Ev called 1 returned 100% blocks executed 100%
        5:   26:/*EOF*/
call    0 returned 100%
call    1 returned 100%
call    2 returned 100%
call    3 returned 100%
call    4 returned 100%
branch  5 taken 100% (fallthrough)
branch  6 taken 0% (throw)
call    7 returned 100%
branch  8 taken 100% (fallthrough)
branch  9 taken 0% (throw)
call   10 returned 100%
branch 11 taken 100% (fallthrough)
branch 12 taken 0% (throw)
call   13 returned 100%
branch 14 taken 100% (fallthrough)
branch 15 taken 0% (throw)
call   16 returned 100%
branch 17 taken 100% (fallthrough)
branch 18 taken 0% (throw)
call   19 returned 100%
call   20 never executed
call   21 never executed
call   22 never executed
call   23 never executed
call   24 returned 100%
call   25 returned 100%
call   26 returned 100%
branch 27 taken 100% (fallthrough)
branch 28 taken 0% (throw)
branch 29 taken 0% (fallthrough)
branch 30 taken 100%
call   31 never executed
call   32 returned 100%
        1:   27:/*EOF*/
        -:   28:/*EOF*/
       13:   29:/*EOF*/
branch  0 taken 92% (fallthrough)
branch  1 taken 8%
      156:   30:/*EOF*/
branch  0 taken 92% (fallthrough)
branch  1 taken 8%
      144:   31:/*EOF*/
call    0 returned 100%
call    1 returned 100%
branch  2 taken 100% (fallthrough)
branch  3 taken 0% (throw)
call    4 returned 100%
branch  5 taken 0% (fallthrough)
branch  6 taken 100%
call    7 never executed
branch  8 never executed
branch  9 never executed
call   10 never executed
branch 11 never executed
branch 12 never executed
call   13 never executed
branch 14 never executed
branch 15 never executed
call   16 never executed
branch 17 never executed
branch 18 never executed
call   19 never executed
branch 20 never executed
branch 21 never executed
call   22 never executed
branch 23 never executed
branch 24 never executed
call   25 returned 100%
branch 26 taken 100% (fallthrough)
branch 27 taken 0% (throw)
branch 28 taken 100%
branch 29 taken 0%
call   30 never executed
call   31 never executed
call   32 never executed
      144:   32:/*EOF*/
call    0 returned 100%
call    1 returned 100%
branch  2 taken 100% (fallthrough)
branch  3 taken 0% (throw)
call    4 returned 100%
branch  5 taken 0% (fallthrough)
branch  6 taken 100%
call    7 never executed
branch  8 never executed
branch  9 never executed
call   10 never executed
branch 11 never executed
branch 12 never executed
call   13 never executed
branch 14 never executed
branch 15 never executed
call   16 never executed
branch 17 never executed
branch 18 never executed
call   19 never executed
branch 20 never executed
branch 21 never executed
call   22 never executed
branch 23 never executed
branch 24 never executed
call   25 returned 100%
branch 26 taken 100% (fallthrough)
branch 27 taken 0% (throw)
branch 28 taken 100%
branch 29 taken 0%
call   30 never executed
call   31 never executed
call   32 never executed
        -:   33:/*EOF*/
        -:   34:/*EOF*/
        -:   35:/*EOF*/
       13:   36:/*EOF*/
branch  0 taken 92% (fallthrough)
branch  1 taken 8%
      156:   37:/*EOF*/
branch  0 taken 92% (fallthrough)
branch  1 taken 8%
      144:   38:/*EOF*/
call    0 returned 100%
call    1 returned 100%
branch  2 taken 100% (fallthrough)
branch  3 taken 0% (throw)
call    4 returned 100%
branch  5 taken 0% (fallthrough)
branch  6 taken 100%
call    7 never executed
branch  8 never executed
branch  9 never executed
call   10 never executed
branch 11 never executed
branch 12 never executed
call   13 never executed
branch 14 never executed
branch 15 never executed
call   16 never executed
branch 17 never executed
branch 18 never executed
call   19 never executed
branch 20 never executed
branch 21 never executed
call   22 never executed
branch 23 never executed
branch 24 never executed
call   25 returned 100%
branch 26 taken 100% (fallthrough)
branch 27 taken 0% (throw)
branch 28 taken 100%
branch 29 taken 0%
call   30 never executed
call   31 never executed
call   32 never executed
      144:   39:/*EOF*/
call    0 returned 100%
call    1 returned 100%
branch  2 taken 100% (fallthrough)
branch  3 taken 0% (throw)
call    4 returned 100%
branch  5 taken 0% (fallthrough)
branch  6 taken 100%
call    7 never executed
branch  8 never executed
branch  9 never executed
call   10 never executed
branch 11 never executed
branch 12 never executed
call   13 never executed
branch 14 never executed
branch 15 never executed
call   16 never executed
branch 17 never executed
branch 18 never executed
call   19 never executed
branch 20 never executed
branch 21 never executed
call   22 never executed
branch 23 never executed
branch 24 never executed
call   25 returned 100%
branch 26 taken 100% (fallthrough)
branch 27 taken 0% (throw)
branch 28 taken 100%
branch 29 taken 0%
call   30 never executed
call   31 never executed
call   32 never executed
        -:   40:/*EOF*/
        -:   41:/*EOF*/
        -:   42:/*EOF*/
       13:   43:/*EOF*/
branch  0 taken 92% (fallthrough)
branch  1 taken 8%
      156:   44:/*EOF*/
branch  0 taken 92% (fallthrough)
branch  1 taken 8%
      144:   45:/*EOF*/
call    0 returned 100%
call    1 returned 100%
branch  2 taken 100% (fallthrough)
branch  3 taken 0% (throw)
call    4 returned 100%
branch  5 taken 0% (fallthrough)
branch  6 taken 100%
call    7 never executed
branch  8 never executed
branch  9 never executed
call   10 never executed
branch 11 never executed
branch 12 never executed
call   13 never executed
branch 14 never executed
branch 15 never executed
call   16 never executed
branch 17 never executed
branch 18 never executed
call   19 never executed
branch 20 never executed
branch 21 never executed
call   22 never executed
branch 23 never executed
branch 24 never executed
call   25 returned 100%
branch 26 taken 100% (fallthrough)
branch 27 taken 0% (throw)
branch 28 taken 100%
branch 29 taken 0%
call   30 never executed
call   31 never executed
call   32 never executed
      144:   46:/*EOF*/
call    0 returned 100%
call    1 returned 100%
branch  2 taken 100% (fallthrough)
branch  3 taken 0% (throw)
call    4 returned 100%
branch  5 taken 0% (fallthrough)
branch  6 taken 100%
call    7 never executed
branch  8 never executed
branch  9 never executed
call   10 never executed
branch 11 never executed
branch 12 never executed
call   13 never executed
branch 14 never executed
branch 15 never executed
call   16 never executed
branch 17 never executed
branch 18 never executed
call   19 never executed
branch 20 never executed
branch 21 never executed
call   22 never executed
branch 23 never executed
branch 24 never executed
call   25 returned 100%
branch 26 taken 100% (fallthrough)
branch 27 taken 0% (throw)
branch 28 taken 100%
branch 29 taken 0%
call   30 never executed
call   31 never executed
call   32 never executed
